0 info it worked if it ends with ok
1 verbose cli [ 'node', '/usr/local/bin/npm', 'install', '-g', 'theoricus' ]
2 info using npm@1.2.11
3 info using node@v0.10.12
4 verbose read json /Users/giuliandrimba/.nvm/v0.10.12/lib/package.json
5 verbose read json /Users/giuliandrimba/.nvm/v0.10.12/lib/package.json
6 verbose cache add [ 'theoricus', null ]
7 verbose cache add name=undefined spec="theoricus" args=["theoricus",null]
8 verbose parsed url { protocol: null,
8 verbose parsed url   slashes: null,
8 verbose parsed url   auth: null,
8 verbose parsed url   host: null,
8 verbose parsed url   port: null,
8 verbose parsed url   hostname: null,
8 verbose parsed url   hash: null,
8 verbose parsed url   search: null,
8 verbose parsed url   query: null,
8 verbose parsed url   pathname: 'theoricus',
8 verbose parsed url   path: 'theoricus',
8 verbose parsed url   href: 'theoricus' }
9 silly lockFile 9d7a7c5d-theoricus theoricus
10 verbose lock theoricus /Users/giuliandrimba/.npm/9d7a7c5d-theoricus.lock
11 silly lockFile 9d7a7c5d-theoricus theoricus
12 silly lockFile 9d7a7c5d-theoricus theoricus
13 verbose addNamed [ 'theoricus', '' ]
14 verbose addNamed [ null, '' ]
15 silly lockFile 88822fb4-theoricus theoricus@
16 verbose lock theoricus@ /Users/giuliandrimba/.npm/88822fb4-theoricus.lock
17 silly addNameRange { name: 'theoricus', range: '', hasData: false }
18 verbose url raw theoricus
19 verbose url resolving [ 'https://registry.npmjs.org/', './theoricus' ]
20 verbose url resolved https://registry.npmjs.org/theoricus
21 info trying registry request attempt 1 at 14:55:27
22 verbose etag "7U6D6I20JM9OSNJ9LX9OJ8U33"
23 http GET https://registry.npmjs.org/theoricus
24 http 304 https://registry.npmjs.org/theoricus
25 silly registry.get cb [ 304,
25 silly registry.get   { server: 'CouchDB/1.3.1 (Erlang OTP/R15B03)',
25 silly registry.get     etag: '"7U6D6I20JM9OSNJ9LX9OJ8U33"',
25 silly registry.get     date: 'Tue, 22 Oct 2013 16:55:29 GMT',
25 silly registry.get     'content-length': '0' } ]
26 verbose etag theoricus from cache
27 silly addNameRange number 2 { name: 'theoricus', range: '', hasData: true }
28 silly addNameRange versions [ 'theoricus',
28 silly addNameRange   [ '0.1.0',
28 silly addNameRange     '0.1.1',
28 silly addNameRange     '0.1.2',
28 silly addNameRange     '0.1.3',
28 silly addNameRange     '0.1.4',
28 silly addNameRange     '0.1.7',
28 silly addNameRange     '0.1.8',
28 silly addNameRange     '0.2.0',
28 silly addNameRange     '0.2.1',
28 silly addNameRange     '0.2.2',
28 silly addNameRange     '0.2.3',
28 silly addNameRange     '0.2.4',
28 silly addNameRange     '0.2.5',
28 silly addNameRange     '0.2.6',
28 silly addNameRange     '0.2.7',
28 silly addNameRange     '0.2.8',
28 silly addNameRange     '0.2.9',
28 silly addNameRange     '0.2.10',
28 silly addNameRange     '0.2.11',
28 silly addNameRange     '0.2.12',
28 silly addNameRange     '0.2.13',
28 silly addNameRange     '0.2.14',
28 silly addNameRange     '0.2.15',
28 silly addNameRange     '0.2.16',
28 silly addNameRange     '0.2.17',
28 silly addNameRange     '0.2.18',
28 silly addNameRange     '0.2.19',
28 silly addNameRange     '0.2.20',
28 silly addNameRange     '0.2.21',
28 silly addNameRange     '0.2.22',
28 silly addNameRange     '0.2.23' ] ]
29 verbose addNamed [ 'theoricus', '0.2.23' ]
30 verbose addNamed [ '0.2.23', '0.2.23' ]
31 silly lockFile a5cc6c02-theoricus-0-2-23 theoricus@0.2.23
32 verbose lock theoricus@0.2.23 /Users/giuliandrimba/.npm/a5cc6c02-theoricus-0-2-23.lock
33 verbose read json /Users/giuliandrimba/.npm/theoricus/0.2.23/package/package.json
34 silly lockFile d3e0a56e-g-theoricus-theoricus-0-2-23-tgz https://registry.npmjs.org/theoricus/-/theoricus-0.2.23.tgz
35 verbose lock https://registry.npmjs.org/theoricus/-/theoricus-0.2.23.tgz /Users/giuliandrimba/.npm/d3e0a56e-g-theoricus-theoricus-0-2-23-tgz.lock
36 verbose addRemoteTarball [ 'https://registry.npmjs.org/theoricus/-/theoricus-0.2.23.tgz',
36 verbose addRemoteTarball   '4416a3a2ba3f0825c0292ca71ad20fd38cef6d2d' ]
37 info retry fetch attempt 1 at 14:55:29
38 verbose fetch to= /Users/giuliandrimba/tmp/npm-67205/1382460929605-0.8469638763926923/tmp.tgz
39 http GET https://registry.npmjs.org/theoricus/-/theoricus-0.2.23.tgz
40 http 200 https://registry.npmjs.org/theoricus/-/theoricus-0.2.23.tgz
41 silly shasum updated bytes 65536
42 silly shasum updated bytes 65536
43 silly shasum updated bytes 65536
44 silly shasum updated bytes 65536
45 silly shasum updated bytes 57507
46 info shasum 4416a3a2ba3f0825c0292ca71ad20fd38cef6d2d
46 info shasum /Users/giuliandrimba/tmp/npm-67205/1382460929605-0.8469638763926923/tmp.tgz
47 verbose tar unpack /Users/giuliandrimba/tmp/npm-67205/1382460929605-0.8469638763926923/tmp.tgz
48 silly lockFile 7ae1eaac-29605-0-8469638763926923-package /Users/giuliandrimba/tmp/npm-67205/1382460929605-0.8469638763926923/package
49 verbose lock /Users/giuliandrimba/tmp/npm-67205/1382460929605-0.8469638763926923/package /Users/giuliandrimba/.npm/7ae1eaac-29605-0-8469638763926923-package.lock
50 silly lockFile ba0b2248-29605-0-8469638763926923-tmp-tgz /Users/giuliandrimba/tmp/npm-67205/1382460929605-0.8469638763926923/tmp.tgz
51 verbose lock /Users/giuliandrimba/tmp/npm-67205/1382460929605-0.8469638763926923/tmp.tgz /Users/giuliandrimba/.npm/ba0b2248-29605-0-8469638763926923-tmp-tgz.lock
52 silly gunzTarPerm modes [ '755', '644' ]
53 silly gunzTarPerm extractEntry package.json
54 silly gunzTarPerm extractEntry .npmignore
55 silly gunzTarPerm extractEntry README.md
56 silly gunzTarPerm extractEntry LICENSE
57 silly gunzTarPerm extractEntry History.md
58 silly gunzTarPerm extractEntry .gitmodules
59 silly gunzTarPerm extractEntry Makefile
60 silly gunzTarPerm extractEntry .travis.yml
61 silly gunzTarPerm extractEntry assets/theoricus.png
62 silly gunzTarPerm extractEntry bin/the
63 silly gunzTarPerm extractEntry cli/src/cli.coffee
64 silly gunzTarPerm extractEntry cli/src/commands/compiler.coffee
65 silly gunzTarPerm extractEntry cli/src/commands/destroyer.coffee
66 silly gunzTarPerm extractEntry cli/src/commands/generator.coffee
67 silly gunzTarPerm extractEntry cli/src/commands/index.coffee
68 silly gunzTarPerm extractEntry cli/src/commands/new_project.coffee
69 silly gunzTarPerm extractEntry cli/src/commands/server.coffee
70 silly gunzTarPerm extractEntry cli/src/generators/controller.coffee
71 silly gunzTarPerm extractEntry cli/src/generators/model.coffee
72 silly gunzTarPerm extractEntry cli/src/generators/question.coffee
73 silly gunzTarPerm extractEntry cli/src/generators/view.coffee
74 silly gunzTarPerm extractEntry cli/src/repl/repl-cs.coffee
75 silly gunzTarPerm extractEntry cli/src/repl/repl.coffee
76 silly gunzTarPerm extractEntry cli/src/theoricus.coffee
77 silly gunzTarPerm extractEntry cli/src/utils/event.coffee
78 silly gunzTarPerm extractEntry cli/templates/app_skel/README.md
79 silly gunzTarPerm extractEntry cli/templates/app_skel/public/index.html
80 silly gunzTarPerm extractEntry cli/templates/app_skel/src/app/app.coffee
81 silly gunzTarPerm extractEntry cli/templates/app_skel/src/app/config/routes.coffee
82 silly gunzTarPerm extractEntry cli/templates/app_skel/src/app/config/settings.coffee
83 silly gunzTarPerm extractEntry cli/templates/app_skel/src/app/controllers/app_controller.coffee
84 silly gunzTarPerm extractEntry cli/templates/app_skel/src/app/controllers/pages.coffee
85 silly gunzTarPerm extractEntry cli/templates/app_skel/src/app/models/app_model.coffee
86 silly gunzTarPerm extractEntry cli/templates/app_skel/src/app/models/page.coffee
87 silly gunzTarPerm extractEntry cli/templates/app_skel/src/app/views/app_view.coffee
88 silly gunzTarPerm extractEntry cli/templates/app_skel/src/app/views/pages/container.coffee
89 silly gunzTarPerm extractEntry cli/templates/app_skel/src/app/views/pages/index.coffee
90 silly gunzTarPerm extractEntry cli/templates/app_skel/src/app/views/pages/notfound.coffee
91 silly gunzTarPerm extractEntry cli/templates/app_skel/src/styles/pages/container.styl
92 silly gunzTarPerm extractEntry cli/templates/app_skel/src/styles/pages/index.styl
93 silly gunzTarPerm extractEntry cli/templates/app_skel/src/styles/pages/notfound.styl
94 silly gunzTarPerm extractEntry cli/templates/app_skel/src/styles/shared/_bootstrap.styl
95 silly gunzTarPerm extractEntry cli/templates/app_skel/src/templates/pages/container.jade
96 silly gunzTarPerm extractEntry cli/templates/app_skel/src/templates/pages/index.jade
97 silly gunzTarPerm extractEntry cli/templates/app_skel/src/templates/pages/notfound.jade
98 silly gunzTarPerm extractEntry cli/templates/config/package.json
99 silly gunzTarPerm extractEntry cli/templates/config/polvo.yml
100 silly gunzTarPerm extractEntry cli/templates/mvc/controller.coffee
101 silly gunzTarPerm extractEntry cli/templates/mvc/model.coffee
102 silly gunzTarPerm extractEntry cli/templates/mvc/view.coffee
103 silly gunzTarPerm extractEntry cli/templates/mvc/view.jade
104 silly gunzTarPerm extractEntry cli/templates/mvc/view.styl
105 silly gunzTarPerm extractEntry cli/vendors/inflection.js
106 silly gunzTarPerm extractEntry lib/cli.js
107 silly gunzTarPerm extractEntry lib/theoricus.js
108 silly gunzTarPerm extractEntry lib/theoricus.debug.js
109 silly gunzTarPerm extractEntry lib/theoricus.cli.debug.js
110 silly gunzTarPerm extractEntry lib/repl/repl-cs.js
111 silly gunzTarPerm extractEntry lib/repl/repl.js
112 silly gunzTarPerm extractEntry lib/repl/repl-cs.map
113 silly gunzTarPerm extractEntry lib/repl/repl.map
114 silly gunzTarPerm extractEntry lib/cli.map
115 silly gunzTarPerm extractEntry lib/generators/controller.js
116 silly gunzTarPerm extractEntry lib/generators/model.js
117 silly gunzTarPerm extractEntry lib/generators/question.js
118 silly gunzTarPerm extractEntry lib/generators/view.js
119 silly gunzTarPerm extractEntry lib/generators/controller.map
120 silly gunzTarPerm extractEntry lib/generators/model.map
121 silly gunzTarPerm extractEntry lib/generators/question.map
122 silly gunzTarPerm extractEntry lib/generators/templates/app_skel/src/app/app.js
123 silly gunzTarPerm extractEntry lib/generators/templates/app_skel/src/app/app.map
124 silly gunzTarPerm extractEntry lib/generators/templates/app_skel/src/app/config/app.js
125 silly gunzTarPerm extractEntry lib/generators/templates/app_skel/src/app/config/app.map
126 silly gunzTarPerm extractEntry lib/generators/templates/app_skel/src/app/controllers/app_controller.js
127 silly gunzTarPerm extractEntry lib/generators/templates/app_skel/src/app/controllers/mains.js
128 silly gunzTarPerm extractEntry lib/generators/templates/app_skel/src/app/controllers/app_controller.map
129 silly gunzTarPerm extractEntry lib/generators/templates/app_skel/src/app/controllers/mains.map
130 silly gunzTarPerm extractEntry lib/generators/templates/app_skel/src/app/models/app_model.js
131 silly gunzTarPerm extractEntry lib/generators/templates/app_skel/src/app/models/main.js
132 silly gunzTarPerm extractEntry lib/generators/templates/app_skel/src/app/models/app_model.map
133 silly gunzTarPerm extractEntry lib/generators/templates/app_skel/src/app/models/main.map
134 silly gunzTarPerm extractEntry lib/generators/templates/app_skel/src/app/views/app_view.js
135 silly gunzTarPerm extractEntry lib/generators/templates/app_skel/src/app/views/app_view.map
136 silly gunzTarPerm extractEntry lib/generators/templates/app_skel/src/app/views/main/index.js
137 silly gunzTarPerm extractEntry lib/generators/templates/app_skel/src/app/views/main/index.map
138 silly gunzTarPerm extractEntry lib/generators/view.map
139 silly gunzTarPerm extractEntry lib/commands/compiler.js
140 silly gunzTarPerm extractEntry lib/commands/destroyer.js
141 silly gunzTarPerm extractEntry lib/commands/server.js
142 silly gunzTarPerm extractEntry lib/commands/generator.js
143 silly gunzTarPerm extractEntry lib/commands/new_project.js
144 silly gunzTarPerm extractEntry lib/commands/index.js
145 silly gunzTarPerm extractEntry lib/commands/compiler.map
146 silly gunzTarPerm extractEntry lib/commands/index.map
147 silly gunzTarPerm extractEntry lib/commands/generator.map
148 silly gunzTarPerm extractEntry lib/commands/new_project.map
149 silly gunzTarPerm extractEntry lib/commands/destroyer.map
150 silly gunzTarPerm extractEntry lib/commands/server.map
151 silly gunzTarPerm extractEntry lib/theoricus.map
152 silly gunzTarPerm extractEntry lib/toaster/theoricus/theoricus.js
153 silly gunzTarPerm extractEntry lib/toaster/theoricus/config/config.js
154 silly gunzTarPerm extractEntry lib/toaster/theoricus/core/factory.js
155 silly gunzTarPerm extractEntry lib/toaster/theoricus/core/process.js
156 silly gunzTarPerm extractEntry lib/toaster/theoricus/core/processes.js
157 silly gunzTarPerm extractEntry lib/toaster/theoricus/core/route.js
158 silly gunzTarPerm extractEntry lib/toaster/theoricus/core/router.js
159 silly gunzTarPerm extractEntry lib/toaster/theoricus/mvc/controller.js
160 silly gunzTarPerm extractEntry lib/toaster/theoricus/mvc/model.js
161 silly gunzTarPerm extractEntry lib/toaster/theoricus/mvc/view.js
162 silly gunzTarPerm extractEntry lib/toaster/theoricus/mvc/lib/binder.js
163 silly gunzTarPerm extractEntry lib/toaster/theoricus/mvc/lib/fetcher.js
164 silly gunzTarPerm extractEntry lib/toaster/theoricus/utils/array_util.js
165 silly gunzTarPerm extractEntry lib/toaster/theoricus/utils/object_util.js
166 silly gunzTarPerm extractEntry lib/toaster/theoricus/utils/string_util.js
167 silly gunzTarPerm extractEntry lib/utils/event.js
168 silly gunzTarPerm extractEntry lib/utils/event.map
169 silly gunzTarPerm extractEntry CONTRIBUTING.md
170 silly gunzTarPerm extractEntry tests/README.md
171 silly gunzTarPerm extractEntry tests/www/probatus/package.json
172 silly gunzTarPerm extractEntry tests/www/probatus/README.md
173 silly gunzTarPerm extractEntry tests/www/probatus/polvo.yml
174 silly gunzTarPerm extractEntry tests/www/probatus/public/index.html
175 silly gunzTarPerm extractEntry tests/www/probatus/public/prettify/prettify.js
176 silly gunzTarPerm extractEntry tests/www/probatus/public/prettify/desert.css
177 silly gunzTarPerm extractEntry tests/www/probatus/public/prettify/prettify.css
178 silly gunzTarPerm extractEntry tests/www/probatus/public/prettify/sunburst.css
179 silly gunzTarPerm extractEntry tests/www/probatus/src/app/app.coffee
180 silly gunzTarPerm extractEntry tests/www/probatus/src/app/config/routes.coffee
181 silly gunzTarPerm extractEntry tests/www/probatus/src/app/config/settings.coffee
182 silly gunzTarPerm extractEntry tests/www/probatus/src/app/controllers/app_controller.coffee
183 silly gunzTarPerm extractEntry tests/www/probatus/src/app/controllers/pages.coffee
184 silly gunzTarPerm extractEntry tests/www/probatus/src/app/controllers/routing.coffee
185 silly gunzTarPerm extractEntry tests/www/probatus/src/app/controllers/title.coffee
186 silly gunzTarPerm extractEntry tests/www/probatus/src/app/models/app_model.coffee
187 silly gunzTarPerm extractEntry tests/www/probatus/src/app/models/page.coffee
188 silly gunzTarPerm extractEntry tests/www/probatus/src/app/models/routing.coffee
189 silly gunzTarPerm extractEntry tests/www/probatus/src/app/models/title.coffee
190 silly gunzTarPerm extractEntry tests/www/probatus/src/app/views/app_view.coffee
191 silly gunzTarPerm extractEntry tests/www/probatus/src/app/views/pages/container.coffee
192 silly gunzTarPerm extractEntry tests/www/probatus/src/app/views/pages/index.coffee
193 silly gunzTarPerm extractEntry tests/www/probatus/src/app/views/pages/notfound.coffee
194 silly gunzTarPerm extractEntry tests/www/probatus/src/app/views/routing/deep.coffee
195 silly gunzTarPerm extractEntry tests/www/probatus/src/app/views/routing/dynamic.coffee
196 silly gunzTarPerm extractEntry tests/www/probatus/src/app/views/routing/simple.coffee
197 silly gunzTarPerm extractEntry tests/www/probatus/src/app/views/title/awesome.coffee
198 silly gunzTarPerm extractEntry tests/www/probatus/src/app/views/title/is.coffee
199 silly gunzTarPerm extractEntry tests/www/probatus/src/app/views/title/theoricus.coffee
200 silly gunzTarPerm extractEntry tests/www/probatus/src/styles/pages/container.styl
201 silly gunzTarPerm extractEntry tests/www/probatus/src/styles/pages/index.styl
202 silly gunzTarPerm extractEntry tests/www/probatus/src/styles/pages/notfound.styl
203 silly gunzTarPerm extractEntry tests/www/probatus/src/styles/routing/deep.styl
204 silly gunzTarPerm extractEntry tests/www/probatus/src/styles/routing/dynamic.styl
205 silly gunzTarPerm extractEntry tests/www/probatus/src/styles/routing/simple.styl
206 silly gunzTarPerm extractEntry tests/www/probatus/src/styles/shared/_bootstrap.styl
207 silly gunzTarPerm extractEntry tests/www/probatus/src/styles/title/awesome.styl
208 silly gunzTarPerm extractEntry tests/www/probatus/src/styles/title/is.styl
209 silly gunzTarPerm extractEntry tests/www/probatus/src/styles/title/theoricus.styl
210 silly gunzTarPerm extractEntry tests/www/probatus/src/templates/pages/_top.html
211 silly gunzTarPerm extractEntry tests/www/probatus/src/templates/pages/container.html
212 silly gunzTarPerm extractEntry tests/www/probatus/src/templates/pages/index.html
213 silly gunzTarPerm extractEntry tests/www/probatus/src/templates/pages/notfound.html
214 silly gunzTarPerm extractEntry tests/www/probatus/src/templates/routing/deep.jade
215 silly gunzTarPerm extractEntry tests/www/probatus/src/templates/routing/dynamic.jade
216 silly gunzTarPerm extractEntry tests/www/probatus/src/templates/routing/simple.jade
217 silly gunzTarPerm extractEntry tests/www/probatus/src/templates/title/awesome.jade
218 silly gunzTarPerm extractEntry tests/www/probatus/src/templates/title/is.jade
219 silly gunzTarPerm extractEntry tests/www/probatus/src/templates/title/theoricus.jade
220 silly gunzTarPerm extractEntry tests/www/tests/functional/routing.coffee
221 silly gunzTarPerm extractEntry tests/www/tests/functional/title.coffee
222 silly gunzTarPerm extractEntry tests/www/tests/runner.coffee
223 silly gunzTarPerm extractEntry tests/www/tests/server.coffee
224 silly gunzTarPerm extractEntry tests/www/tests/utils/browsers.coffee
225 silly gunzTarPerm extractEntry tests/www/tests/utils/conditions.coffee
226 silly gunzTarPerm extractEntry tests/www/tests/utils/hook.coffee
227 silly gunzTarPerm extractEntry www/src/theoricus/config/config.coffee
228 silly gunzTarPerm extractEntry www/src/theoricus/core/factory.coffee
229 silly gunzTarPerm extractEntry www/src/theoricus/core/process.coffee
230 silly gunzTarPerm extractEntry www/src/theoricus/core/processes.coffee
231 silly gunzTarPerm extractEntry www/src/theoricus/core/route.coffee
232 silly gunzTarPerm extractEntry www/src/theoricus/core/router.coffee
233 silly gunzTarPerm extractEntry www/src/theoricus/mvc/controller.coffee
234 silly gunzTarPerm extractEntry www/src/theoricus/mvc/lib/binder.coffee
235 silly gunzTarPerm extractEntry www/src/theoricus/mvc/lib/fetcher.coffee
236 silly gunzTarPerm extractEntry www/src/theoricus/mvc/model.coffee
237 silly gunzTarPerm extractEntry www/src/theoricus/mvc/view.coffee
238 silly gunzTarPerm extractEntry www/src/theoricus/theoricus.coffee
239 silly gunzTarPerm extractEntry www/src/theoricus/utils/array_util.coffee
240 silly gunzTarPerm extractEntry www/src/theoricus/utils/object_util.coffee
241 silly gunzTarPerm extractEntry www/src/theoricus/utils/string_util.coffee
242 silly gunzTarPerm extractEntry www/vendors/history.js
243 silly gunzTarPerm extractEntry www/vendors/inflection.js
244 silly gunzTarPerm extractEntry www/vendors/jquery.js
245 silly gunzTarPerm extractEntry www/vendors/json2.js
246 verbose read json /Users/giuliandrimba/tmp/npm-67205/1382460929605-0.8469638763926923/package/package.json
247 silly lockFile 7ae1eaac-29605-0-8469638763926923-package /Users/giuliandrimba/tmp/npm-67205/1382460929605-0.8469638763926923/package
248 silly lockFile 7ae1eaac-29605-0-8469638763926923-package /Users/giuliandrimba/tmp/npm-67205/1382460929605-0.8469638763926923/package
249 silly lockFile ba0b2248-29605-0-8469638763926923-tmp-tgz /Users/giuliandrimba/tmp/npm-67205/1382460929605-0.8469638763926923/tmp.tgz
250 silly lockFile ba0b2248-29605-0-8469638763926923-tmp-tgz /Users/giuliandrimba/tmp/npm-67205/1382460929605-0.8469638763926923/tmp.tgz
251 verbose from cache /Users/giuliandrimba/tmp/npm-67205/1382460929605-0.8469638763926923/package/package.json
252 verbose tar pack [ '/Users/giuliandrimba/.npm/theoricus/0.2.23/package.tgz',
252 verbose tar pack   '/Users/giuliandrimba/tmp/npm-67205/1382460929605-0.8469638763926923/package' ]
253 verbose tarball /Users/giuliandrimba/.npm/theoricus/0.2.23/package.tgz
254 verbose folder /Users/giuliandrimba/tmp/npm-67205/1382460929605-0.8469638763926923/package
255 silly lockFile 7ae1eaac-29605-0-8469638763926923-package /Users/giuliandrimba/tmp/npm-67205/1382460929605-0.8469638763926923/package
256 verbose lock /Users/giuliandrimba/tmp/npm-67205/1382460929605-0.8469638763926923/package /Users/giuliandrimba/.npm/7ae1eaac-29605-0-8469638763926923-package.lock
257 silly lockFile 6e165458-npm-theoricus-0-2-23-package-tgz /Users/giuliandrimba/.npm/theoricus/0.2.23/package.tgz
258 verbose lock /Users/giuliandrimba/.npm/theoricus/0.2.23/package.tgz /Users/giuliandrimba/.npm/6e165458-npm-theoricus-0-2-23-package-tgz.lock
259 error tar pack Error reading /Users/giuliandrimba/tmp/npm-67205/1382460929605-0.8469638763926923/package
260 silly lockFile 7ae1eaac-29605-0-8469638763926923-package /Users/giuliandrimba/tmp/npm-67205/1382460929605-0.8469638763926923/package
261 silly lockFile 7ae1eaac-29605-0-8469638763926923-package /Users/giuliandrimba/tmp/npm-67205/1382460929605-0.8469638763926923/package
262 error TypeError: Cannot call method 'filter' of undefined
262 error     at Packer.IgnoreReader.addIgnoreRules (/usr/local/lib/node_modules/npm/node_modules/fstream-npm/node_modules/fstream-ignore/ignore.js:148:13)
262 error     at Packer.<anonymous> (/usr/local/lib/node_modules/npm/node_modules/fstream-npm/node_modules/fstream-ignore/ignore.js:133:10)
262 error     at fs.js:266:14
262 error     at Object.oncomplete (fs.js:107:15)
263 error If you need help, you may report this log at:
263 error     <http://github.com/isaacs/npm/issues>
263 error or email it to:
263 error     <npm-@googlegroups.com>
264 error System Darwin 12.5.0
265 error command "node" "/usr/local/bin/npm" "install" "-g" "theoricus"
266 error cwd /Users/giuliandrimba/labs/labs
267 error node -v v0.10.12
268 error npm -v 1.2.11
269 error type non_object_property_call
270 verbose exit [ 1, true ]
